-------------------------------------------------------------------------------
Test set: runners.RunnerClass
-------------------------------------------------------------------------------
Tests run: 2, Failures: 0, Errors: 1, Skipped: 0, Time elapsed: 25.171 s <<< FAILURE! - in runners.RunnerClass
Validation of login scenarios.Admin login  Time elapsed: 6.448 s  <<< ERROR!
io.cucumber.junit.UndefinedStepException: 
The step "user clicks on Admin option" is undefined. You can implement it using the snippet(s) below:

@When("user clicks on Admin option")
public void user_clicks_on_admin_option() {
    // Write code here that turns the phrase above into concrete actions
    throw new io.cucumber.java.PendingException();
}


Some other steps were also undefined:

@Then("user clicks on skills on Qulification dropdown")
public void user_clicks_on_skills_on_qulification_dropdown() {
    // Write code here that turns the phrase above into concrete actions
    throw new io.cucumber.java.PendingException();
}
@Then("user clicks on skills")
public void user_clicks_on_skills() {
    // Write code here that turns the phrase above into concrete actions
    throw new io.cucumber.java.PendingException();
}
@Then("user clicks on add employee option")
public void user_clicks_on_add_employee_option() {
    // Write code here that turns the phrase above into concrete actions
    throw new io.cucumber.java.PendingException();
}


