<?xml version="1.0" encoding="UTF-8"?>
<testsuite xmlns:xsi="http://www.w3.org/2001/XMLSchema-instance" xsi:noNamespaceSchemaLocation="https://maven.apache.org/surefire/maven-surefire-plugin/xsd/surefire-test-report-3.0.xsd" version="3.0" name="runners.RunnerClass" time="21.702" tests="2" errors="1" skipped="0" failures="0">
  <properties>
[...]
</properties>
  <testcase name="Add employee&apos;s skills" classname="As an admin I should be able to add employee&apos;s Skills in qualifications" time="15.769">
    <system-out><![CDATA[
@test @admin
Scenario: Add employee's skills                    # src/test/resources/features/adminAddEmpSkills.feature:11
  * user enters valid admin credentials            # steps.LoginSteps.user_enters_valid_admin_credentials()
  * user clicks on login button                    # steps.LoginSteps.user_clicks_on_login_button()
  * navigates to PIM option and click EmployeeList # steps.AdminAddEmpSkillsSteps.navigates_to_pim_option_and_click_employee_list()
  * selects first employee                         # steps.AdminAddEmpSkillsSteps.selects_first_employee()
  Given user navigates to Qualifications           # steps.AdminAddEmpSkillsSteps.user_navigates_to_qualifications()
  And clicks Add under Skills Box                  # steps.AdminAddEmpSkillsSteps.clicks_add_under_skills_box()
  When user able to fill out skill field           # steps.AdminAddEmpSkillsSteps.user_able_to_fill_out_skill_field()
  Then clicks on save button                       # steps.AdminAddEmpSkillsSteps.clicks_on_save_button()

    Embedding Add employee's skills [image/png 69595 bytes]

]]></system-out>
    <system-err><![CDATA[SLF4J: Failed to load class "org.slf4j.impl.StaticLoggerBinder".
SLF4J: Defaulting to no-operation (NOP) logger implementation
SLF4J: See http://www.slf4j.org/codes.html#StaticLoggerBinder for further details.
Starting ChromeDriver 101.0.4951.41 (93c720db8323b3ec10d056025ab95c23a31997c9-refs/branch-heads/4951@{#904}) on port 16292
Only local connections are allowed.
Please see https://chromedriver.chromium.org/security-considerations for suggestions on keeping ChromeDriver safe.
ChromeDriver was started successfully.
May 25, 2022 5:32:07 PM org.openqa.selenium.remote.ProtocolHandshake createSession
INFO: Detected dialect: W3C
]]></system-err>
  </testcase>
  <testcase name="Admin login" classname="Validation of login scenarios" time="5.118">
    <error message="The step &quot;user clicks on Admin option&quot; is undefined. You can implement it using the snippet(s) below:&#10;&#10;@When(&quot;user clicks on Admin option&quot;)&#10;public void user_clicks_on_admin_option() {&#10;    // Write code here that turns the phrase above into concrete actions&#10;    throw new io.cucumber.java.PendingException();&#10;}&#10;&#10;&#10;Some other steps were also undefined:&#10;&#10;@Then(&quot;user clicks on skills on Qulification dropdown&quot;)&#10;public void user_clicks_on_skills_on_qulification_dropdown() {&#10;    // Write code here that turns the phrase above into concrete actions&#10;    throw new io.cucumber.java.PendingException();&#10;}&#10;@Then(&quot;user clicks on skills&quot;)&#10;public void user_clicks_on_skills() {&#10;    // Write code here that turns the phrase above into concrete actions&#10;    throw new io.cucumber.java.PendingException();&#10;}&#10;@Then(&quot;user clicks on add employee option&quot;)&#10;public void user_clicks_on_add_employee_option() {&#10;    // Write code here that turns the phrase above into concrete actions&#10;    throw new io.cucumber.java.PendingException();&#10;}&#10;" type="io.cucumber.junit.UndefinedStepException"><![CDATA[io.cucumber.junit.UndefinedStepException: 
The step "user clicks on Admin option" is undefined. You can implement it using the snippet(s) below:

@When("user clicks on Admin option")
public void user_clicks_on_admin_option() {
    // Write code here that turns the phrase above into concrete actions
    throw new io.cucumber.java.PendingException();
}


Some other steps were also undefined:

@Then("user clicks on skills on Qulification dropdown")
public void user_clicks_on_skills_on_qulification_dropdown() {
    // Write code here that turns the phrase above into concrete actions
    throw new io.cucumber.java.PendingException();
}
@Then("user clicks on skills")
public void user_clicks_on_skills() {
    // Write code here that turns the phrase above into concrete actions
    throw new io.cucumber.java.PendingException();
}
@Then("user clicks on add employee option")
public void user_clicks_on_add_employee_option() {
    // Write code here that turns the phrase above into concrete actions
    throw new io.cucumber.java.PendingException();
}

]]></error>
    <system-out><![CDATA[
@test
Scenario: Admin login                                 # src/test/resources/features/login.feature:8
  When user enters valid admin credentials            # steps.LoginSteps.user_enters_valid_admin_credentials()
  And user clicks on login button                     # steps.LoginSteps.user_clicks_on_login_button()
  Then admin user is successfully logged in           # steps.LoginSteps.admin_user_is_successfully_logged_in()
  When user clicks on Admin option                    # null
  Then user clicks on skills on Qulification dropdown # null
  And user clicks on skills                           # null
  And user clicks on add employee option              # null

    Embedding Admin login [image/png 55777 bytes]

]]></system-out>
    <system-err><![CDATA[Starting ChromeDriver 101.0.4951.41 (93c720db8323b3ec10d056025ab95c23a31997c9-refs/branch-heads/4951@{#904}) on port 9554
Only local connections are allowed.
Please see https://chromedriver.chromium.org/security-considerations for suggestions on keeping ChromeDriver safe.
ChromeDriver was started successfully.
May 25, 2022 5:32:22 PM org.openqa.selenium.remote.ProtocolHandshake createSession
INFO: Detected dialect: W3C
]]></system-err>
  </testcase>
</testsuite>